TN:
SF:src/index.js
FNF:0
FNH:0
DA:1,1
DA:2,1
DA:3,1
DA:4,1
DA:5,1
DA:6,1
DA:7,1
DA:8,1
DA:9,1
DA:10,1
DA:11,1
DA:12,1
DA:13,1
DA:14,1
DA:15,1
DA:16,1
DA:17,1
DA:18,1
DA:19,1
DA:20,1
DA:21,1
DA:22,1
DA:23,1
DA:24,1
DA:25,1
DA:26,1
DA:27,1
DA:28,1
DA:29,1
DA:30,1
DA:31,1
DA:32,1
DA:33,1
DA:34,1
DA:35,1
DA:36,1
DA:37,1
DA:38,1
DA:39,1
DA:40,0
DA:41,0
DA:42,0
DA:43,0
DA:44,0
DA:45,0
DA:46,0
DA:47,0
DA:48,1
DA:49,1
DA:50,1
DA:51,1
DA:52,1
DA:53,1
DA:54,1
LF:54
LH:46
BRDA:1,0,0,1
BRDA:52,1,0,1
BRF:2
BRH:2
end_of_record
TN:
SF:src/db/mongoose.js
FNF:0
FNH:0
DA:1,1
DA:2,1
DA:3,1
DA:4,1
DA:5,1
DA:6,1
DA:7,0
DA:8,1
DA:9,1
DA:10,1
LF:10
LH:9
BRDA:1,0,0,1
BRDA:7,1,0,0
BRF:2
BRH:1
end_of_record
TN:
SF:src/models/admin.js
FN:13,validator
FN:16,message
FNF:2
FNH:0
FNDA:0,validator
FNDA:0,message
DA:1,1
DA:2,1
DA:3,1
DA:4,1
DA:5,1
DA:6,1
DA:7,1
DA:8,1
DA:9,1
DA:10,1
DA:11,1
DA:12,1
DA:13,1
DA:14,0
DA:15,1
DA:16,1
DA:17,1
DA:18,1
DA:19,1
DA:20,1
DA:21,1
DA:22,1
LF:22
LH:21
BRDA:1,0,0,1
BRF:1
BRH:1
end_of_record
TN:
SF:src/models/pet.js
FN:16,validator
FN:19,message
FNF:2
FNH:0
FNDA:0,validator
FNDA:0,message
DA:1,1
DA:2,1
DA:3,1
DA:4,1
DA:5,1
DA:6,1
DA:7,1
DA:8,1
DA:9,1
DA:10,1
DA:11,1
DA:12,1
DA:13,1
DA:14,1
DA:15,1
DA:16,1
DA:17,0
DA:18,1
DA:19,1
DA:20,1
DA:21,1
DA:22,1
DA:23,1
DA:24,1
DA:25,1
LF:25
LH:24
BRDA:1,0,0,1
BRF:1
BRH:1
end_of_record
TN:
SF:src/models/product.js
FN:14,validator
FN:17,message
FN:25,validator
FN:28,message
FNF:4
FNH:0
FNDA:0,validator
FNDA:0,message
FNDA:0,validator
FNDA:0,message
DA:1,1
DA:2,1
DA:3,1
DA:4,1
DA:5,1
DA:6,1
DA:7,1
DA:8,1
DA:9,1
DA:10,1
DA:11,1
DA:12,1
DA:13,1
DA:14,1
DA:15,0
DA:16,1
DA:17,1
DA:18,1
DA:19,1
DA:20,1
DA:21,1
DA:22,1
DA:23,1
DA:24,1
DA:25,1
DA:26,0
DA:27,1
DA:28,1
DA:29,1
DA:30,1
DA:31,1
DA:32,1
DA:33,1
LF:33
LH:31
BRDA:1,0,0,1
BRF:1
BRH:1
end_of_record
TN:
SF:src/models/provider.js
FN:13,validator
FN:16,message
FN:23,validator
FN:26,message
FNF:4
FNH:0
FNDA:0,validator
FNDA:0,message
FNDA:0,validator
FNDA:0,message
DA:1,1
DA:2,1
DA:3,1
DA:4,1
DA:5,1
DA:6,1
DA:7,1
DA:8,1
DA:9,1
DA:10,1
DA:11,1
DA:12,1
DA:13,1
DA:14,0
DA:15,1
DA:16,1
DA:17,1
DA:18,1
DA:19,1
DA:20,1
DA:21,1
DA:22,1
DA:23,1
DA:24,0
DA:25,1
DA:26,1
DA:27,1
DA:28,1
DA:29,1
DA:30,1
DA:31,1
DA:32,1
LF:32
LH:30
BRDA:1,0,0,1
BRF:1
BRH:1
end_of_record
TN:
SF:src/models/purchaser.js
FN:13,validator
FN:16,message
FN:23,validator
FN:26,message
FNF:4
FNH:0
FNDA:0,validator
FNDA:0,message
FNDA:0,validator
FNDA:0,message
DA:1,1
DA:2,1
DA:3,1
DA:4,1
DA:5,1
DA:6,1
DA:7,1
DA:8,1
DA:9,1
DA:10,1
DA:11,1
DA:12,1
DA:13,1
DA:14,0
DA:15,1
DA:16,1
DA:17,1
DA:18,1
DA:19,1
DA:20,1
DA:21,1
DA:22,1
DA:23,1
DA:24,0
DA:25,1
DA:26,1
DA:27,1
DA:28,1
DA:29,1
DA:30,1
DA:31,1
DA:32,1
DA:33,1
DA:34,1
LF:34
LH:32
BRDA:1,0,0,1
BRF:1
BRH:1
end_of_record
TN:
SF:src/routes/admin.js
FNF:0
FNH:0
DA:1,1
DA:2,1
DA:3,1
DA:4,1
DA:5,1
DA:6,1
DA:7,1
DA:8,1
DA:9,7
DA:10,4
DA:11,4
DA:12,7
DA:13,1
DA:14,1
DA:15,2
DA:16,2
DA:17,2
DA:18,2
DA:19,2
DA:20,2
DA:21,2
DA:22,2
DA:23,2
DA:24,1
DA:25,1
DA:26,1
DA:27,1
DA:28,1
DA:29,1
DA:30,1
DA:31,1
DA:32,4
DA:33,4
DA:34,3
DA:35,4
DA:36,1
DA:37,1
DA:38,1
DA:39,1
DA:40,1
DA:41,1
DA:42,4
DA:43,4
DA:44,4
DA:45,4
DA:46,2
DA:47,2
DA:48,1
DA:49,1
DA:50,1
DA:51,1
DA:52,1
DA:53,1
DA:54,1
DA:55,1
DA:56,9
DA:57,9
DA:58,9
DA:59,9
DA:60,9
DA:61,2
DA:62,2
DA:63,7
DA:64,7
DA:65,9
DA:66,2
DA:67,2
DA:68,5
DA:69,9
DA:70,1
DA:71,1
DA:72,5
DA:73,5
DA:74,9
DA:75,1
DA:76,1
DA:77,5
DA:78,5
DA:79,5
DA:80,4
DA:81,4
DA:82,5
DA:83,5
DA:84,5
DA:85,4
DA:86,9
DA:87,1
DA:88,1
DA:89,1
DA:90,1
DA:91,1
DA:92,1
DA:93,4
DA:94,4
DA:95,4
DA:96,4
DA:97,4
DA:98,1
DA:99,1
DA:100,3
DA:101,3
DA:102,3
DA:103,4
DA:104,1
DA:105,1
DA:106,2
DA:107,2
DA:108,2
DA:109,2
DA:110,1
DA:111,1
DA:112,1
DA:113,1
DA:114,1
DA:115,1
DA:116,1
DA:117,1
DA:118,1
DA:119,4
DA:120,4
DA:121,4
DA:122,2
DA:123,2
DA:124,1
DA:125,1
DA:126,1
DA:127,1
DA:128,1
LF:128
LH:128
BRDA:1,0,0,1
BRDA:8,1,0,7
BRDA:9,2,0,3
BRDA:9,3,0,3
BRDA:9,4,0,4
BRDA:12,5,0,3
BRDA:12,6,0,1
BRDA:15,7,0,2
BRDA:24,8,0,1
BRDA:31,9,0,4
BRDA:34,10,0,3
BRDA:35,11,0,1
BRDA:41,12,0,4
BRDA:45,13,0,3
BRDA:45,14,0,2
BRDA:48,15,0,1
BRDA:55,16,0,9
BRDA:60,17,0,2
BRDA:63,18,0,7
BRDA:65,19,0,2
BRDA:68,20,0,5
BRDA:69,21,0,1
BRDA:72,22,0,5
BRDA:74,23,0,1
BRDA:77,24,0,5
BRDA:85,25,0,4
BRDA:86,26,0,1
BRDA:58,27,0,9
BRDA:78,28,0,5
BRDA:79,29,0,4
BRDA:92,30,0,4
BRDA:97,31,0,1
BRDA:100,32,0,3
BRDA:103,33,0,1
BRDA:106,34,0,2
BRDA:110,35,0,1
BRDA:118,36,0,4
BRDA:121,37,0,3
BRDA:121,38,0,2
BRDA:124,39,0,1
BRF:40
BRH:40
end_of_record
TN:
SF:src/routes/pet.js
FNF:0
FNH:0
DA:1,1
DA:2,1
DA:3,1
DA:4,1
DA:5,1
DA:6,1
DA:7,1
DA:8,1
DA:9,1
DA:10,1
DA:11,1
DA:12,1
DA:13,1
DA:14,1
DA:15,1
DA:16,4
DA:17,4
DA:18,3
DA:19,4
DA:20,1
DA:21,1
DA:22,1
DA:23,1
DA:24,1
DA:25,1
DA:26,0
DA:27,0
DA:28,0
DA:29,0
DA:30,0
DA:31,0
DA:32,0
DA:33,0
DA:34,0
DA:35,0
DA:36,0
DA:37,0
DA:38,0
DA:39,0
DA:40,0
DA:41,0
DA:42,0
DA:43,0
DA:44,0
DA:45,0
DA:46,0
DA:47,0
DA:48,0
DA:49,0
DA:50,1
DA:51,1
DA:52,1
DA:53,1
DA:54,3
DA:55,3
DA:56,3
DA:57,1
DA:58,1
DA:59,1
DA:60,1
DA:61,1
DA:62,1
DA:63,1
DA:64,1
DA:65,1
DA:66,3
DA:67,3
DA:68,3
DA:69,1
DA:70,1
DA:71,3
DA:72,0
DA:73,0
DA:74,0
DA:75,1
DA:76,1
DA:77,1
DA:78,2
DA:79,2
DA:80,2
DA:81,2
DA:82,2
DA:83,2
DA:84,2
DA:85,2
DA:86,0
DA:87,0
DA:88,2
DA:89,2
DA:90,2
DA:91,2
DA:92,2
DA:93,2
DA:94,2
DA:95,1
DA:96,1
DA:97,1
DA:98,1
DA:99,1
DA:100,1
DA:101,1
DA:102,1
DA:103,1
DA:104,3
DA:105,2
DA:106,2
DA:107,2
DA:108,1
DA:109,1
DA:110,1
DA:111,1
DA:112,1
DA:113,1
DA:114,2
DA:115,2
DA:116,0
DA:117,0
DA:118,2
DA:119,2
DA:120,2
DA:121,2
DA:122,0
DA:123,0
DA:124,2
DA:125,2
DA:126,2
DA:127,1
DA:128,1
DA:129,1
DA:130,1
DA:131,1
DA:132,2
DA:133,0
DA:134,0
DA:135,0
DA:136,0
DA:137,0
DA:138,0
DA:139,0
DA:140,0
DA:141,0
DA:142,0
DA:143,0
DA:144,0
DA:145,0
DA:146,0
DA:147,0
DA:148,0
DA:149,0
DA:150,0
DA:151,0
DA:152,0
DA:153,0
DA:154,0
DA:155,0
DA:156,0
DA:157,0
DA:158,0
DA:159,0
DA:160,0
DA:161,0
DA:162,0
DA:163,0
DA:164,0
DA:165,0
DA:166,0
DA:167,0
DA:168,1
DA:169,1
DA:170,1
DA:171,1
DA:172,1
DA:173,1
DA:174,2
DA:175,0
DA:176,0
DA:177,1
DA:178,1
DA:179,1
DA:180,1
DA:181,1
DA:182,1
DA:183,1
DA:184,1
DA:185,1
DA:186,1
DA:187,0
DA:188,0
DA:189,0
DA:190,0
DA:191,0
DA:192,0
DA:193,0
DA:194,0
DA:195,0
DA:196,0
DA:197,0
DA:198,0
DA:199,0
DA:200,0
DA:201,0
DA:202,0
DA:203,1
LF:203
LH:117
BRDA:1,0,0,1
BRDA:15,1,0,4
BRDA:18,2,0,3
BRDA:19,3,0,1
BRDA:53,4,0,3
BRDA:56,5,0,2
BRDA:56,6,0,1
BRDA:65,7,0,3
BRDA:69,8,0,1
BRDA:71,9,0,0
BRDA:75,10,0,1
BRDA:104,11,0,2
BRDA:77,12,0,2
BRDA:78,13,0,2
BRDA:84,14,0,2
BRDA:85,15,0,0
BRDA:113,16,0,2
BRDA:115,17,0,0
BRDA:121,18,0,0
BRDA:126,19,0,1
BRDA:132,20,0,0
BRDA:132,21,0,0
BRDA:168,22,0,1
BRDA:174,23,0,0
BRDA:120,24,0,2
BRDA:169,25,0,1
BRDA:181,26,0,1
BRDA:187,27,0,0
BRF:28
BRH:20
end_of_record
TN:
SF:src/routes/product.js
FNF:0
FNH:0
DA:1,1
DA:2,1
DA:3,1
DA:4,1
DA:5,1
DA:6,1
DA:7,1
DA:8,1
DA:9,1
DA:10,1
DA:11,1
DA:12,1
DA:13,1
DA:14,1
DA:15,2
DA:16,2
DA:17,2
DA:18,2
DA:19,2
DA:20,2
DA:21,1
DA:22,2
DA:23,0
DA:24,0
DA:25,0
DA:26,1
DA:27,1
DA:28,2
DA:29,2
DA:30,2
DA:31,2
DA:32,2
DA:33,2
DA:34,2
DA:35,2
DA:36,0
DA:37,0
DA:38,2
DA:39,2
DA:40,2
DA:41,2
DA:42,2
DA:43,2
DA:44,2
DA:45,1
DA:46,1
DA:47,1
DA:48,1
DA:49,1
DA:50,1
DA:51,1
DA:52,1
DA:53,1
DA:54,1
DA:55,1
DA:56,1
DA:57,1
DA:58,3
DA:59,3
DA:60,3
DA:61,3
DA:62,0
DA:63,0
DA:64,0
DA:65,0
DA:66,2
DA:67,2
DA:68,3
DA:69,3
DA:70,3
DA:71,3
DA:72,3
DA:73,2
DA:74,2
DA:75,2
DA:76,2
DA:77,2
DA:78,2
DA:79,3
DA:80,1
DA:81,1
DA:82,1
DA:83,1
DA:84,1
DA:85,1
DA:86,4
DA:87,4
DA:88,4
DA:89,4
DA:90,2
DA:91,2
DA:92,1
DA:93,1
DA:94,1
DA:95,1
DA:96,1
DA:97,1
DA:98,1
DA:99,1
DA:100,4
DA:101,4
DA:102,0
DA:103,0
DA:104,4
DA:105,0
DA:106,0
DA:107,4
DA:108,4
DA:109,4
DA:110,4
DA:111,1
DA:112,1
DA:113,3
DA:114,3
DA:115,4
DA:116,1
DA:117,4
DA:118,0
DA:119,0
DA:120,0
DA:121,0
DA:122,0
DA:123,0
DA:124,0
DA:125,0
DA:126,0
DA:127,0
DA:128,0
DA:129,0
DA:130,0
DA:131,0
DA:132,0
DA:133,0
DA:134,0
DA:135,0
DA:136,0
DA:137,0
DA:138,0
DA:139,0
DA:140,0
DA:141,0
DA:142,0
DA:143,0
DA:144,0
DA:145,0
DA:146,0
DA:147,0
DA:148,0
DA:149,0
DA:150,0
DA:151,0
DA:152,1
DA:153,1
DA:154,1
DA:155,1
DA:156,1
DA:157,1
DA:158,1
DA:159,1
DA:160,4
DA:161,0
DA:162,0
DA:163,1
DA:164,1
DA:165,1
DA:166,1
DA:167,4
DA:168,4
DA:169,4
DA:170,4
DA:171,2
DA:172,2
DA:173,1
DA:174,1
DA:175,1
DA:176,1
DA:177,1
DA:178,1
DA:179,1
DA:180,1
DA:181,1
DA:182,1
DA:183,1
DA:184,1
DA:185,1
DA:186,1
DA:187,1
DA:188,1
DA:189,1
DA:190,1
DA:191,1
DA:192,1
LF:192
LH:143
BRDA:1,0,0,1
BRDA:14,1,0,2
BRDA:21,2,0,1
BRDA:22,3,0,0
BRDA:26,4,0,1
BRDA:27,5,0,2
BRDA:28,6,0,2
BRDA:34,7,0,2
BRDA:35,8,0,0
BRDA:57,9,0,3
BRDA:60,10,0,2
BRDA:60,11,0,0
BRDA:60,12,0,2
BRDA:61,13,0,0
BRDA:66,14,0,2
BRDA:68,15,0,0
BRDA:68,16,0,2
BRDA:69,17,0,2
BRDA:69,18,0,0
BRDA:72,19,0,2
BRDA:79,20,0,1
BRDA:67,21,0,1
BRDA:73,22,0,1
BRDA:76,23,0,1
BRDA:85,24,0,4
BRDA:89,25,0,3
BRDA:89,26,0,2
BRDA:92,27,0,1
BRDA:99,28,0,4
BRDA:101,29,0,0
BRDA:104,30,0,0
BRDA:110,31,0,1
BRDA:113,32,0,3
BRDA:115,33,0,2
BRDA:116,34,0,1
BRDA:117,35,0,0
BRDA:117,36,0,0
BRDA:152,37,0,1
BRDA:160,38,0,0
BRDA:109,39,0,4
BRDA:153,40,0,1
BRDA:166,41,0,4
BRDA:170,42,0,3
BRDA:170,43,0,2
BRDA:173,44,0,1
BRDA:182,45,0,2
BRF:46
BRH:35
end_of_record
TN:
SF:src/routes/provider.js
FNF:0
FNH:0
DA:1,1
DA:2,1
DA:3,1
DA:4,1
DA:5,1
DA:6,1
DA:7,1
DA:8,1
DA:9,1
DA:10,3
DA:11,3
DA:12,3
DA:13,3
DA:14,3
DA:15,2
DA:16,3
DA:17,1
DA:18,1
DA:19,1
DA:20,1
DA:21,1
DA:22,1
DA:23,4
DA:24,4
DA:25,3
DA:26,4
DA:27,1
DA:28,1
DA:29,1
DA:30,1
DA:31,1
DA:32,1
DA:33,4
DA:34,4
DA:35,4
DA:36,4
DA:37,2
DA:38,2
DA:39,1
DA:40,1
DA:41,1
DA:42,1
DA:43,1
DA:44,1
DA:45,1
DA:46,1
DA:47,0
DA:48,0
DA:49,0
DA:50,0
DA:51,0
DA:52,0
DA:53,0
DA:54,0
DA:55,0
DA:56,1
DA:57,1
DA:58,1
DA:59,1
DA:60,6
DA:61,6
DA:62,6
DA:63,6
DA:64,6
DA:65,1
DA:66,1
DA:67,5
DA:68,5
DA:69,5
DA:70,6
DA:71,2
DA:72,2
DA:73,3
DA:74,6
DA:75,1
DA:76,1
DA:77,3
DA:78,6
DA:79,0
DA:80,0
DA:81,3
DA:82,3
DA:83,2
DA:84,2
DA:85,3
DA:86,3
DA:87,2
DA:88,6
DA:89,1
DA:90,1
DA:91,1
DA:92,1
DA:93,1
DA:94,1
DA:95,5
DA:96,5
DA:97,5
DA:98,5
DA:99,5
DA:100,2
DA:101,2
DA:102,3
DA:103,3
DA:104,5
DA:105,1
DA:106,1
DA:107,2
DA:108,2
DA:109,2
DA:110,1
DA:111,1
DA:112,1
DA:113,1
DA:114,1
DA:115,1
DA:116,1
DA:117,1
DA:118,1
DA:119,3
DA:120,3
DA:121,3
DA:122,2
DA:123,2
DA:124,1
DA:125,1
DA:126,1
DA:127,3
DA:128,0
DA:129,0
DA:130,1
LF:130
LH:117
BRDA:1,0,0,1
BRDA:9,1,0,3
BRDA:15,2,0,2
BRDA:16,3,0,1
BRDA:22,4,0,4
BRDA:25,5,0,3
BRDA:26,6,0,1
BRDA:32,7,0,4
BRDA:36,8,0,3
BRDA:36,9,0,2
BRDA:39,10,0,1
BRDA:59,11,0,6
BRDA:64,12,0,1
BRDA:67,13,0,5
BRDA:70,14,0,2
BRDA:73,15,0,3
BRDA:74,16,0,1
BRDA:77,17,0,3
BRDA:78,18,0,0
BRDA:81,19,0,3
BRDA:87,20,0,2
BRDA:88,21,0,1
BRDA:62,22,0,6
BRDA:81,23,0,3
BRDA:82,24,0,2
BRDA:94,25,0,5
BRDA:99,26,0,2
BRDA:102,27,0,3
BRDA:104,28,0,1
BRDA:107,29,0,2
BRDA:110,30,0,1
BRDA:118,31,0,3
BRDA:121,32,0,2
BRDA:124,33,0,1
BRDA:127,34,0,0
BRF:35
BRH:33
end_of_record
TN:
SF:src/routes/purchaser.js
FNF:0
FNH:0
DA:1,1
DA:2,1
DA:3,1
DA:4,1
DA:5,1
DA:6,1
DA:7,1
DA:8,1
DA:9,1
DA:10,4
DA:11,4
DA:12,3
DA:13,4
DA:14,1
DA:15,1
DA:16,1
DA:17,1
DA:18,1
DA:19,1
DA:20,1
DA:21,4
DA:22,4
DA:23,4
DA:24,2
DA:25,2
DA:26,1
DA:27,1
DA:28,1
DA:29,1
DA:30,1
DA:31,1
DA:32,1
DA:33,1
DA:34,4
DA:35,1
DA:36,1
DA:37,4
DA:38,1
DA:39,1
DA:40,2
DA:41,2
DA:42,2
DA:43,2
DA:44,1
DA:45,1
DA:46,1
DA:47,1
DA:48,1
DA:49,1
DA:50,1
DA:51,6
DA:52,6
DA:53,6
DA:54,6
DA:55,6
DA:56,1
DA:57,1
DA:58,5
DA:59,5
DA:60,5
DA:61,6
DA:62,2
DA:63,2
DA:64,2
DA:65,6
DA:66,1
DA:67,1
DA:68,2
DA:69,6
DA:70,0
DA:71,0
DA:72,2
DA:73,2
DA:74,2
DA:75,1
DA:76,1
DA:77,2
DA:78,2
DA:79,2
DA:80,2
DA:81,6
DA:82,1
DA:83,1
DA:84,1
DA:85,1
DA:86,1
DA:87,1
DA:88,4
DA:89,4
DA:90,4
DA:91,3
DA:92,4
DA:93,1
DA:94,1
DA:95,2
DA:96,2
DA:97,4
DA:98,1
DA:99,1
DA:100,1
DA:101,1
DA:102,1
DA:103,1
DA:104,1
DA:105,1
DA:106,1
DA:107,1
DA:108,1
DA:109,1
DA:110,1
DA:111,1
DA:112,1
DA:113,3
DA:114,3
DA:115,3
DA:116,2
DA:117,2
DA:118,1
DA:119,1
DA:120,1
DA:121,3
DA:122,0
DA:123,0
DA:124,1
LF:124
LH:120
BRDA:1,0,0,1
BRDA:9,1,0,4
BRDA:12,2,0,3
BRDA:13,3,0,1
BRDA:20,4,0,4
BRDA:23,5,0,3
BRDA:23,6,0,2
BRDA:26,7,0,1
BRDA:33,8,0,4
BRDA:34,9,0,3
BRDA:34,10,0,1
BRDA:37,11,0,3
BRDA:37,12,0,1
BRDA:40,13,0,2
BRDA:44,14,0,1
BRDA:50,15,0,6
BRDA:55,16,0,1
BRDA:58,17,0,5
BRDA:61,18,0,4
BRDA:61,19,0,2
BRDA:65,20,0,1
BRDA:68,21,0,2
BRDA:69,22,0,0
BRDA:72,23,0,2
BRDA:81,24,0,1
BRDA:53,25,0,6
BRDA:73,26,0,2
BRDA:74,27,0,1
BRDA:87,28,0,4
BRDA:90,29,0,3
BRDA:92,30,0,1
BRDA:95,31,0,2
BRDA:97,32,0,1
BRDA:112,33,0,3
BRDA:115,34,0,2
BRDA:118,35,0,1
BRDA:121,36,0,0
BRF:37
BRH:35
end_of_record
TN:
SF:src/routes/signIn.js
FNF:0
FNH:0
DA:1,1
DA:2,1
DA:3,1
DA:4,1
DA:5,1
DA:6,1
DA:7,1
DA:8,1
DA:9,1
DA:10,1
DA:11,2
DA:12,2
DA:13,2
DA:14,2
DA:15,2
DA:16,2
DA:17,2
DA:18,2
DA:19,2
DA:20,2
DA:21,2
DA:22,2
DA:23,2
DA:24,2
DA:25,2
DA:26,2
DA:27,2
DA:28,2
DA:29,2
DA:30,2
DA:31,2
DA:32,2
DA:33,0
DA:34,0
DA:35,0
DA:36,0
DA:37,0
DA:38,0
DA:39,0
DA:40,0
DA:41,0
DA:42,0
DA:43,0
DA:44,0
DA:45,0
DA:46,0
DA:47,0
DA:48,0
DA:49,0
DA:50,0
DA:51,0
DA:52,0
DA:53,0
DA:54,0
DA:55,0
DA:56,0
DA:57,0
DA:58,1
LF:58
LH:33
BRDA:1,0,0,1
BRDA:10,1,0,2
BRDA:33,2,0,0
BRF:3
BRH:2
end_of_record
TN:
SF:src/routes/signOut.js
FNF:0
FNH:0
DA:1,1
DA:2,1
DA:3,1
DA:4,1
DA:5,1
DA:6,1
DA:7,1
DA:8,1
DA:9,1
DA:10,1
DA:11,1
DA:12,1
DA:13,1
DA:14,1
LF:14
LH:14
BRDA:1,0,0,1
BRDA:5,1,0,1
BRF:2
BRH:2
end_of_record
TN:
SF:src/routes/signUp.js
FNF:0
FNH:0
DA:1,1
DA:2,1
DA:3,1
DA:4,1
DA:5,1
DA:6,1
DA:7,1
DA:8,1
DA:9,1
DA:10,3
DA:11,3
DA:12,3
DA:13,3
DA:14,3
DA:15,3
DA:16,3
DA:17,2
DA:18,2
DA:19,2
DA:20,2
DA:21,2
DA:22,2
DA:23,2
DA:24,2
DA:25,2
DA:26,2
DA:27,2
DA:28,2
DA:29,2
DA:30,2
DA:31,2
DA:32,2
DA:33,2
DA:34,2
DA:35,2
DA:36,2
DA:37,2
DA:38,2
DA:39,2
DA:40,2
DA:41,2
DA:42,2
DA:43,2
DA:44,2
DA:45,2
DA:46,3
DA:47,3
DA:48,3
DA:49,3
DA:50,1
LF:50
LH:50
BRDA:1,0,0,1
BRDA:9,1,0,3
BRDA:17,2,0,2
BRF:3
BRH:3
end_of_record
TN:
SF:src/routes/middleware/verifyToken.js
FN:3,verifyToken
FNF:1
FNH:1
FNDA:2,verifyToken
DA:1,1
DA:2,1
DA:3,1
DA:4,2
DA:5,2
DA:6,2
DA:7,2
DA:8,2
DA:9,1
DA:10,1
DA:11,1
DA:12,1
DA:13,1
DA:14,1
DA:15,1
DA:16,1
DA:17,0
DA:18,0
DA:19,0
DA:20,0
DA:21,1
DA:22,1
LF:22
LH:18
BRDA:1,0,0,1
BRDA:3,1,0,2
BRDA:8,2,0,1
BRDA:13,3,0,1
BRDA:17,4,0,0
BRF:5
BRH:4
end_of_record
