TN:
SF:src/index.js
FNF:0
FNH:0
DA:1,1
DA:2,1
DA:3,1
DA:4,1
DA:5,1
DA:6,1
DA:7,1
DA:8,1
DA:9,1
DA:10,1
DA:11,1
DA:12,1
DA:13,1
DA:14,1
DA:15,1
DA:16,1
DA:17,1
DA:18,1
DA:19,1
DA:20,1
DA:21,1
DA:22,1
DA:23,1
DA:24,1
DA:25,1
DA:26,1
DA:27,1
DA:28,1
DA:29,1
DA:30,1
DA:31,1
DA:32,1
DA:33,1
DA:34,1
DA:35,1
DA:36,1
DA:37,1
DA:38,1
DA:39,1
DA:40,0
DA:41,0
DA:42,0
DA:43,0
DA:44,0
DA:45,0
DA:46,0
DA:47,0
DA:48,1
DA:49,1
DA:50,1
DA:51,1
DA:52,1
DA:53,1
DA:54,1
LF:54
LH:46
BRDA:1,0,0,1
BRDA:52,1,0,1
BRF:2
BRH:2
end_of_record
TN:
SF:src/db/mongoose.js
FNF:0
FNH:0
DA:1,1
DA:2,1
DA:3,1
DA:4,1
DA:5,1
DA:6,1
DA:7,1
DA:8,1
DA:9,0
DA:10,0
LF:10
LH:8
BRDA:1,0,0,1
BRDA:8,1,0,0
BRF:2
BRH:1
end_of_record
TN:
SF:src/models/admin.js
FN:13,validator
FN:16,message
FNF:2
FNH:1
FNDA:109,validator
FNDA:0,message
DA:1,1
DA:2,1
DA:3,1
DA:4,1
DA:5,1
DA:6,1
DA:7,1
DA:8,1
DA:9,1
DA:10,1
DA:11,1
DA:12,1
DA:13,1
DA:14,109
DA:15,1
DA:16,1
DA:17,1
DA:18,1
DA:19,1
DA:20,1
DA:21,1
DA:22,1
LF:22
LH:22
BRDA:1,0,0,1
BRDA:13,1,0,109
BRF:2
BRH:2
end_of_record
TN:
SF:src/models/pet.js
FN:16,validator
FN:19,message
FNF:2
FNH:1
FNDA:117,validator
FNDA:0,message
DA:1,1
DA:2,1
DA:3,1
DA:4,1
DA:5,1
DA:6,1
DA:7,1
DA:8,1
DA:9,1
DA:10,1
DA:11,1
DA:12,1
DA:13,1
DA:14,1
DA:15,1
DA:16,1
DA:17,117
DA:18,1
DA:19,1
DA:20,1
DA:21,1
DA:22,1
DA:23,1
DA:24,1
DA:25,1
LF:25
LH:25
BRDA:1,0,0,1
BRDA:16,1,0,117
BRF:2
BRH:2
end_of_record
TN:
SF:src/models/product.js
FN:14,validator
FN:17,message
FN:25,validator
FN:28,message
FNF:4
FNH:3
FNDA:119,validator
FNDA:1,message
FNDA:119,validator
FNDA:0,message
DA:1,1
DA:2,1
DA:3,1
DA:4,1
DA:5,1
DA:6,1
DA:7,1
DA:8,1
DA:9,1
DA:10,1
DA:11,1
DA:12,1
DA:13,1
DA:14,1
DA:15,119
DA:16,1
DA:17,1
DA:18,1
DA:19,1
DA:20,1
DA:21,1
DA:22,1
DA:23,1
DA:24,1
DA:25,1
DA:26,119
DA:27,1
DA:28,1
DA:29,1
DA:30,1
DA:31,1
DA:32,1
DA:33,1
LF:33
LH:33
BRDA:1,0,0,1
BRDA:14,1,0,119
BRDA:17,2,0,1
BRDA:25,3,0,119
BRF:4
BRH:4
end_of_record
TN:
SF:src/models/provider.js
FN:13,validator
FN:16,message
FN:23,validator
FN:26,message
FNF:4
FNH:3
FNDA:115,validator
FNDA:1,message
FNDA:115,validator
FNDA:0,message
DA:1,1
DA:2,1
DA:3,1
DA:4,1
DA:5,1
DA:6,1
DA:7,1
DA:8,1
DA:9,1
DA:10,1
DA:11,1
DA:12,1
DA:13,1
DA:14,115
DA:15,1
DA:16,1
DA:17,1
DA:18,1
DA:19,1
DA:20,1
DA:21,1
DA:22,1
DA:23,1
DA:24,115
DA:25,1
DA:26,1
DA:27,1
DA:28,1
DA:29,1
DA:30,1
DA:31,1
DA:32,1
LF:32
LH:32
BRDA:1,0,0,1
BRDA:13,1,0,115
BRDA:16,2,0,1
BRDA:23,3,0,115
BRF:4
BRH:4
end_of_record
TN:
SF:src/models/purchaser.js
FN:13,validator
FN:16,message
FN:23,validator
FN:26,message
FNF:4
FNH:2
FNDA:8,validator
FNDA:0,message
FNDA:8,validator
FNDA:0,message
DA:1,1
DA:2,1
DA:3,1
DA:4,1
DA:5,1
DA:6,1
DA:7,1
DA:8,1
DA:9,1
DA:10,1
DA:11,1
DA:12,1
DA:13,1
DA:14,8
DA:15,1
DA:16,1
DA:17,1
DA:18,1
DA:19,1
DA:20,1
DA:21,1
DA:22,1
DA:23,1
DA:24,8
DA:25,1
DA:26,1
DA:27,1
DA:28,1
DA:29,1
DA:30,1
DA:31,1
DA:32,1
DA:33,1
DA:34,1
LF:34
LH:34
BRDA:1,0,0,1
BRDA:13,1,0,8
BRDA:23,2,0,8
BRF:3
BRH:3
end_of_record
TN:
SF:src/routes/admin.js
FNF:0
FNH:0
DA:1,1
DA:2,1
DA:3,1
DA:4,1
DA:5,1
DA:6,1
DA:7,1
DA:8,1
DA:9,3
DA:10,2
DA:11,2
DA:12,3
DA:13,0
DA:14,0
DA:15,1
DA:16,1
DA:17,1
DA:18,1
DA:19,1
DA:20,1
DA:21,1
DA:22,1
DA:23,1
DA:24,1
DA:25,3
DA:26,0
DA:27,0
DA:28,1
DA:29,1
DA:30,1
DA:31,1
DA:32,3
DA:33,3
DA:34,3
DA:35,3
DA:36,0
DA:37,0
DA:38,1
DA:39,1
DA:40,1
DA:41,1
DA:42,3
DA:43,3
DA:44,3
DA:45,3
DA:46,1
DA:47,1
DA:48,1
DA:49,1
DA:50,1
DA:51,1
DA:52,1
DA:53,1
DA:54,1
DA:55,1
DA:56,3
DA:57,3
DA:58,3
DA:59,3
DA:60,3
DA:61,0
DA:62,0
DA:63,3
DA:64,3
DA:65,3
DA:66,3
DA:67,1
DA:68,1
DA:69,1
DA:70,3
DA:71,0
DA:72,0
DA:73,1
DA:74,1
DA:75,3
DA:76,0
DA:77,0
DA:78,1
DA:79,1
DA:80,1
DA:81,1
DA:82,1
DA:83,1
DA:84,1
DA:85,1
DA:86,1
DA:87,1
DA:88,1
DA:89,1
DA:90,1
DA:91,1
DA:92,1
DA:93,1
DA:94,0
DA:95,0
DA:96,0
DA:97,0
DA:98,0
DA:99,0
DA:100,0
DA:101,0
DA:102,0
DA:103,0
DA:104,0
DA:105,0
DA:106,0
DA:107,0
DA:108,0
DA:109,0
DA:110,0
DA:111,0
DA:112,0
DA:113,0
DA:114,0
DA:115,0
DA:116,1
DA:117,1
DA:118,1
DA:119,1
DA:120,3
DA:121,3
DA:122,3
DA:123,1
DA:124,1
DA:125,1
DA:126,1
DA:127,1
DA:128,1
DA:129,1
LF:129
LH:95
BRDA:1,0,0,1
BRDA:8,1,0,3
BRDA:9,2,0,1
BRDA:9,3,0,1
BRDA:9,4,0,2
BRDA:12,5,0,1
BRDA:12,6,0,0
BRDA:15,7,0,1
BRDA:25,8,0,0
BRDA:31,9,0,3
BRDA:35,10,0,0
BRDA:41,11,0,3
BRDA:45,12,0,2
BRDA:45,13,0,1
BRDA:55,14,0,3
BRDA:60,15,0,0
BRDA:66,16,0,2
BRDA:66,17,0,1
BRDA:70,18,0,0
BRDA:73,19,0,1
BRDA:75,20,0,0
BRDA:78,21,0,1
BRDA:58,22,0,3
BRDA:79,23,0,1
BRDA:119,24,0,3
BRDA:122,25,0,2
BRDA:122,26,0,1
BRF:27
BRH:21
end_of_record
TN:
SF:src/routes/pet.js
FNF:0
FNH:0
DA:1,1
DA:2,1
DA:3,1
DA:4,1
DA:5,1
DA:6,1
DA:7,1
DA:8,1
DA:9,1
DA:10,1
DA:11,1
DA:12,1
DA:13,1
DA:14,1
DA:15,1
DA:16,4
DA:17,4
DA:18,4
DA:19,4
DA:20,0
DA:21,0
DA:22,1
DA:23,1
DA:24,1
DA:25,1
DA:26,0
DA:27,0
DA:28,0
DA:29,0
DA:30,0
DA:31,0
DA:32,0
DA:33,0
DA:34,0
DA:35,0
DA:36,0
DA:37,0
DA:38,0
DA:39,0
DA:40,0
DA:41,0
DA:42,0
DA:43,0
DA:44,0
DA:45,0
DA:46,0
DA:47,0
DA:48,0
DA:49,0
DA:50,1
DA:51,1
DA:52,1
DA:53,1
DA:54,3
DA:55,3
DA:56,3
DA:57,1
DA:58,1
DA:59,1
DA:60,1
DA:61,1
DA:62,1
DA:63,1
DA:64,1
DA:65,1
DA:66,5
DA:67,5
DA:68,5
DA:69,3
DA:70,3
DA:71,5
DA:72,2
DA:73,2
DA:74,2
DA:75,1
DA:76,1
DA:77,1
DA:78,2
DA:79,2
DA:80,2
DA:81,2
DA:82,2
DA:83,2
DA:84,2
DA:85,2
DA:86,0
DA:87,0
DA:88,2
DA:89,2
DA:90,2
DA:91,2
DA:92,2
DA:93,2
DA:94,2
DA:95,1
DA:96,1
DA:97,1
DA:98,1
DA:99,1
DA:100,1
DA:101,1
DA:102,1
DA:103,1
DA:104,5
DA:105,2
DA:106,2
DA:107,2
DA:108,1
DA:109,1
DA:110,1
DA:111,1
DA:112,1
DA:113,1
DA:114,1
DA:115,1
DA:116,5
DA:117,5
DA:118,1
DA:119,1
DA:120,5
DA:121,5
DA:122,5
DA:123,5
DA:124,1
DA:125,1
DA:126,4
DA:127,4
DA:128,4
DA:129,5
DA:130,1
DA:131,1
DA:132,2
DA:133,2
DA:134,2
DA:135,5
DA:136,0
DA:137,0
DA:138,0
DA:139,0
DA:140,0
DA:141,0
DA:142,0
DA:143,0
DA:144,0
DA:145,0
DA:146,0
DA:147,0
DA:148,0
DA:149,0
DA:150,0
DA:151,0
DA:152,0
DA:153,0
DA:154,0
DA:155,0
DA:156,0
DA:157,0
DA:158,0
DA:159,0
DA:160,0
DA:161,0
DA:162,0
DA:163,0
DA:164,0
DA:165,0
DA:166,0
DA:167,0
DA:168,0
DA:169,0
DA:170,0
DA:171,0
DA:172,0
DA:173,0
DA:174,2
DA:175,2
DA:176,2
DA:177,2
DA:178,2
DA:179,2
DA:180,2
DA:181,5
DA:182,1
DA:183,1
DA:184,1
DA:185,1
DA:186,1
DA:187,1
DA:188,1
DA:189,2
DA:190,2
DA:191,2
DA:192,1
DA:193,1
DA:194,1
DA:195,0
DA:196,0
DA:197,0
DA:198,0
DA:199,0
DA:200,0
DA:201,0
DA:202,0
DA:203,0
DA:204,0
DA:205,0
DA:206,0
DA:207,0
DA:208,0
DA:209,0
DA:210,0
DA:211,0
DA:212,2
DA:213,1
DA:214,1
DA:215,1
DA:216,1
LF:216
LH:133
BRDA:1,0,0,1
BRDA:15,1,0,4
BRDA:19,2,0,0
BRDA:53,3,0,3
BRDA:56,4,0,2
BRDA:56,5,0,1
BRDA:65,6,0,5
BRDA:69,7,0,3
BRDA:71,8,0,1
BRDA:71,9,0,2
BRDA:75,10,0,1
BRDA:104,11,0,2
BRDA:77,12,0,2
BRDA:78,13,0,2
BRDA:84,14,0,2
BRDA:85,15,0,0
BRDA:115,16,0,5
BRDA:117,17,0,1
BRDA:123,18,0,1
BRDA:126,19,0,4
BRDA:129,20,0,3
BRDA:129,21,0,1
BRDA:132,22,0,2
BRDA:135,23,0,0
BRDA:135,24,0,0
BRDA:174,25,0,2
BRDA:181,26,0,1
BRDA:122,27,0,11
BRDA:176,28,0,2
BRDA:188,29,0,2
BRDA:192,30,0,1
BRDA:195,31,0,0
BRDA:212,32,0,1
BRF:33
BRH:28
end_of_record
TN:
SF:src/routes/product.js
FNF:0
FNH:0
DA:1,1
DA:2,1
DA:3,1
DA:4,1
DA:5,1
DA:6,1
DA:7,1
DA:8,1
DA:9,1
DA:10,1
DA:11,1
DA:12,1
DA:13,1
DA:14,1
DA:15,11
DA:16,11
DA:17,11
DA:18,11
DA:19,11
DA:20,11
DA:21,1
DA:22,11
DA:23,0
DA:24,0
DA:25,0
DA:26,1
DA:27,1
DA:28,2
DA:29,2
DA:30,2
DA:31,2
DA:32,2
DA:33,2
DA:34,2
DA:35,2
DA:36,0
DA:37,0
DA:38,2
DA:39,2
DA:40,2
DA:41,2
DA:42,2
DA:43,2
DA:44,2
DA:45,1
DA:46,1
DA:47,1
DA:48,1
DA:49,1
DA:50,1
DA:51,11
DA:52,10
DA:53,10
DA:54,1
DA:55,1
DA:56,1
DA:57,1
DA:58,4
DA:59,4
DA:60,4
DA:61,4
DA:62,0
DA:63,0
DA:64,0
DA:65,0
DA:66,0
DA:67,4
DA:68,4
DA:69,4
DA:70,4
DA:71,4
DA:72,4
DA:73,4
DA:74,4
DA:75,4
DA:76,4
DA:77,4
DA:78,4
DA:79,4
DA:80,4
DA:81,0
DA:82,0
DA:83,1
DA:84,1
DA:85,1
DA:86,1
DA:87,4
DA:88,4
DA:89,4
DA:90,4
DA:91,1
DA:92,1
DA:93,2
DA:94,4
DA:95,1
DA:96,1
DA:97,1
DA:98,1
DA:99,1
DA:100,1
DA:101,5
DA:102,5
DA:103,0
DA:104,0
DA:105,5
DA:106,0
DA:107,0
DA:108,5
DA:109,5
DA:110,5
DA:111,5
DA:112,1
DA:113,1
DA:114,4
DA:115,4
DA:116,5
DA:117,3
DA:118,3
DA:119,5
DA:120,0
DA:121,0
DA:122,0
DA:123,0
DA:124,0
DA:125,0
DA:126,0
DA:127,0
DA:128,0
DA:129,0
DA:130,0
DA:131,0
DA:132,0
DA:133,0
DA:134,0
DA:135,0
DA:136,0
DA:137,0
DA:138,0
DA:139,0
DA:140,0
DA:141,0
DA:142,0
DA:143,0
DA:144,0
DA:145,0
DA:146,0
DA:147,0
DA:148,0
DA:149,0
DA:150,0
DA:151,0
DA:152,0
DA:153,0
DA:154,0
DA:155,3
DA:156,3
DA:157,3
DA:158,3
DA:159,3
DA:160,3
DA:161,3
DA:162,3
DA:163,5
DA:164,1
DA:165,1
DA:166,1
DA:167,1
DA:168,1
DA:169,1
DA:170,2
DA:171,2
DA:172,2
DA:173,1
DA:174,1
DA:175,1
DA:176,0
DA:177,0
DA:178,0
DA:179,0
DA:180,0
DA:181,0
DA:182,0
DA:183,0
DA:184,0
DA:185,0
DA:186,0
DA:187,0
DA:188,0
DA:189,0
DA:190,0
DA:191,0
DA:192,2
DA:193,1
DA:194,1
DA:195,1
DA:196,1
LF:196
LH:129
BRDA:1,0,0,1
BRDA:14,1,0,11
BRDA:21,2,0,1
BRDA:22,3,0,0
BRDA:26,4,0,1
BRDA:51,5,0,10
BRDA:27,6,0,2
BRDA:28,7,0,2
BRDA:34,8,0,2
BRDA:35,9,0,0
BRDA:57,10,0,4
BRDA:60,11,0,0
BRDA:61,12,0,0
BRDA:69,13,0,0
BRDA:70,14,0,0
BRDA:80,15,0,0
BRDA:68,16,0,6
BRDA:74,17,0,6
BRDA:77,18,0,6
BRDA:86,19,0,4
BRDA:90,20,0,3
BRDA:90,21,0,1
BRDA:93,22,0,2
BRDA:94,23,0,1
BRDA:100,24,0,5
BRDA:102,25,0,0
BRDA:105,26,0,0
BRDA:111,27,0,1
BRDA:114,28,0,4
BRDA:116,29,0,3
BRDA:116,30,0,0
BRDA:117,31,0,3
BRDA:119,32,0,0
BRDA:119,33,0,0
BRDA:155,34,0,3
BRDA:163,35,0,1
BRDA:110,36,0,6
BRDA:156,37,0,3
BRDA:169,38,0,2
BRDA:173,39,0,1
BRDA:176,40,0,0
BRDA:192,41,0,1
BRF:42
BRH:29
end_of_record
TN:
SF:src/routes/provider.js
FNF:0
FNH:0
DA:1,1
DA:2,1
DA:3,1
DA:4,1
DA:5,1
DA:6,1
DA:7,1
DA:8,1
DA:9,1
DA:10,4
DA:11,4
DA:12,3
DA:13,3
DA:14,3
DA:15,1
DA:16,4
DA:17,3
DA:18,3
DA:19,1
DA:20,1
DA:21,1
DA:22,1
DA:23,4
DA:24,4
DA:25,4
DA:26,4
DA:27,0
DA:28,0
DA:29,1
DA:30,1
DA:31,1
DA:32,1
DA:33,4
DA:34,4
DA:35,4
DA:36,4
DA:37,1
DA:38,1
DA:39,2
DA:40,4
DA:41,1
DA:42,1
DA:43,1
DA:44,1
DA:45,1
DA:46,1
DA:47,0
DA:48,0
DA:49,0
DA:50,0
DA:51,0
DA:52,0
DA:53,0
DA:54,0
DA:55,0
DA:56,1
DA:57,1
DA:58,1
DA:59,1
DA:60,4
DA:61,4
DA:62,4
DA:63,4
DA:64,4
DA:65,0
DA:66,0
DA:67,4
DA:68,4
DA:69,4
DA:70,4
DA:71,1
DA:72,1
DA:73,2
DA:74,4
DA:75,0
DA:76,0
DA:77,2
DA:78,4
DA:79,0
DA:80,0
DA:81,2
DA:82,2
DA:83,2
DA:84,2
DA:85,2
DA:86,2
DA:87,2
DA:88,4
DA:89,1
DA:90,1
DA:91,1
DA:92,1
DA:93,1
DA:94,1
DA:95,0
DA:96,0
DA:97,0
DA:98,0
DA:99,0
DA:100,0
DA:101,0
DA:102,0
DA:103,0
DA:104,0
DA:105,0
DA:106,0
DA:107,0
DA:108,0
DA:109,0
DA:110,0
DA:111,0
DA:112,0
DA:113,0
DA:114,0
DA:115,0
DA:116,0
DA:117,1
DA:118,1
DA:119,1
DA:120,1
DA:121,4
DA:122,4
DA:123,4
DA:124,1
DA:125,1
DA:126,2
DA:127,2
DA:128,2
DA:129,4
DA:130,1
DA:131,1
DA:132,1
LF:132
LH:93
BRDA:1,0,0,1
BRDA:9,1,0,4
BRDA:11,2,0,3
BRDA:15,3,0,1
BRDA:16,4,0,3
BRDA:22,5,0,4
BRDA:26,6,0,0
BRDA:32,7,0,4
BRDA:36,8,0,3
BRDA:36,9,0,1
BRDA:39,10,0,2
BRDA:40,11,0,1
BRDA:59,12,0,4
BRDA:64,13,0,0
BRDA:70,14,0,3
BRDA:70,15,0,1
BRDA:73,16,0,2
BRDA:74,17,0,0
BRDA:77,18,0,2
BRDA:78,19,0,0
BRDA:81,20,0,2
BRDA:88,21,0,1
BRDA:62,22,0,4
BRDA:81,23,0,2
BRDA:120,24,0,4
BRDA:123,25,0,3
BRDA:123,26,0,1
BRDA:126,27,0,2
BRDA:129,28,0,1
BRF:29
BRH:25
end_of_record
TN:
SF:src/routes/purchaser.js
FNF:0
FNH:0
DA:1,1
DA:2,1
DA:3,1
DA:4,1
DA:5,1
DA:6,1
DA:7,1
DA:8,1
DA:9,1
DA:10,5
DA:11,5
DA:12,5
DA:13,5
DA:14,0
DA:15,0
DA:16,1
DA:17,1
DA:18,1
DA:19,1
DA:20,1
DA:21,5
DA:22,5
DA:23,5
DA:24,1
DA:25,1
DA:26,3
DA:27,5
DA:28,1
DA:29,1
DA:30,1
DA:31,1
DA:32,1
DA:33,1
DA:34,6
DA:35,1
DA:36,1
DA:37,6
DA:38,1
DA:39,1
DA:40,4
DA:41,4
DA:42,4
DA:43,4
DA:44,3
DA:45,6
DA:46,1
DA:47,1
DA:48,1
DA:49,1
DA:50,1
DA:51,5
DA:52,5
DA:53,5
DA:54,5
DA:55,5
DA:56,1
DA:57,1
DA:58,4
DA:59,4
DA:60,4
DA:61,5
DA:62,1
DA:63,1
DA:64,2
DA:65,5
DA:66,0
DA:67,0
DA:68,2
DA:69,5
DA:70,1
DA:71,1
DA:72,2
DA:73,2
DA:74,2
DA:75,2
DA:76,2
DA:77,2
DA:78,2
DA:79,2
DA:80,2
DA:81,5
DA:82,1
DA:83,1
DA:84,1
DA:85,1
DA:86,1
DA:87,1
DA:88,0
DA:89,0
DA:90,0
DA:91,0
DA:92,0
DA:93,0
DA:94,0
DA:95,0
DA:96,0
DA:97,0
DA:98,0
DA:99,0
DA:100,0
DA:101,0
DA:102,0
DA:103,0
DA:104,0
DA:105,0
DA:106,0
DA:107,0
DA:108,0
DA:109,0
DA:110,1
DA:111,1
DA:112,1
DA:113,1
DA:114,1
DA:115,6
DA:116,6
DA:117,6
DA:118,2
DA:119,2
DA:120,3
DA:121,3
DA:122,3
DA:123,6
DA:124,1
DA:125,1
DA:126,1
LF:126
LH:100
BRDA:1,0,0,1
BRDA:9,1,0,5
BRDA:13,2,0,0
BRDA:20,3,0,5
BRDA:23,4,0,4
BRDA:23,5,0,1
BRDA:26,6,0,3
BRDA:27,7,0,1
BRDA:33,8,0,6
BRDA:34,9,0,1
BRDA:37,10,0,5
BRDA:37,11,0,1
BRDA:40,12,0,4
BRDA:44,13,0,3
BRDA:45,14,0,1
BRDA:50,15,0,5
BRDA:55,16,0,1
BRDA:58,17,0,4
BRDA:61,18,0,3
BRDA:61,19,0,1
BRDA:64,20,0,2
BRDA:65,21,0,0
BRDA:68,22,0,2
BRDA:69,23,0,1
BRDA:72,24,0,2
BRDA:81,25,0,1
BRDA:53,26,0,6
BRDA:73,27,0,2
BRDA:114,28,0,6
BRDA:117,29,0,5
BRDA:117,30,0,2
BRDA:120,31,0,3
BRDA:123,32,0,1
BRF:33
BRH:31
end_of_record
TN:
SF:src/routes/signIn.js
FNF:0
FNH:0
DA:1,1
DA:2,1
DA:3,1
DA:4,1
DA:5,1
DA:6,1
DA:7,1
DA:8,1
DA:9,1
DA:10,1
DA:11,0
DA:12,0
DA:13,0
DA:14,0
DA:15,0
DA:16,0
DA:17,0
DA:18,0
DA:19,0
DA:20,0
DA:21,0
DA:22,0
DA:23,0
DA:24,0
DA:25,0
DA:26,0
DA:27,0
DA:28,0
DA:29,0
DA:30,0
DA:31,0
DA:32,0
DA:33,0
DA:34,0
DA:35,0
DA:36,0
DA:37,0
DA:38,0
DA:39,0
DA:40,0
DA:41,0
DA:42,0
DA:43,0
DA:44,0
DA:45,0
DA:46,0
DA:47,0
DA:48,0
DA:49,0
DA:50,0
DA:51,0
DA:52,0
DA:53,0
DA:54,0
DA:55,0
DA:56,0
DA:57,0
DA:58,1
LF:58
LH:11
BRDA:1,0,0,1
BRF:1
BRH:1
end_of_record
TN:
SF:src/routes/signOut.js
FNF:0
FNH:0
DA:1,1
DA:2,1
DA:3,1
DA:4,1
DA:5,1
DA:6,0
DA:7,0
DA:8,0
DA:9,0
DA:10,0
DA:11,0
DA:12,0
DA:13,0
DA:14,1
LF:14
LH:6
BRDA:1,0,0,1
BRF:1
BRH:1
end_of_record
TN:
SF:src/routes/signUp.js
FNF:0
FNH:0
DA:1,1
DA:2,1
DA:3,1
DA:4,1
DA:5,1
DA:6,1
DA:7,1
DA:8,1
DA:9,1
DA:10,0
DA:11,0
DA:12,0
DA:13,0
DA:14,0
DA:15,0
DA:16,0
DA:17,0
DA:18,0
DA:19,0
DA:20,0
DA:21,0
DA:22,0
DA:23,0
DA:24,0
DA:25,0
DA:26,0
DA:27,0
DA:28,0
DA:29,0
DA:30,0
DA:31,0
DA:32,0
DA:33,0
DA:34,0
DA:35,0
DA:36,0
DA:37,0
DA:38,0
DA:39,0
DA:40,0
DA:41,0
DA:42,0
DA:43,0
DA:44,0
DA:45,0
DA:46,0
DA:47,0
DA:48,0
DA:49,0
DA:50,1
LF:50
LH:10
BRDA:1,0,0,1
BRF:1
BRH:1
end_of_record
TN:
SF:src/routes/middleware/verifyToken.js
FN:3,verifyToken
FNF:1
FNH:0
FNDA:0,verifyToken
DA:1,1
DA:2,1
DA:3,1
DA:4,0
DA:5,0
DA:6,0
DA:7,0
DA:8,0
DA:9,0
DA:10,0
DA:11,0
DA:12,0
DA:13,0
DA:14,0
DA:15,0
DA:16,0
DA:17,0
DA:18,0
DA:19,0
DA:20,0
DA:21,0
DA:22,1
LF:22
LH:4
BRDA:1,0,0,1
BRF:1
BRH:1
end_of_record
